2022-04-05 23:16:39 ERROR Mintermen:25 - Log4j error
2022-04-05 23:16:39 WARN  Mintermen:26 - Log4j Warn
2022-04-05 23:17:31 INFO  Mintermen:25 - S-a accesat instanta Singleton din MINTERMEN
2022-04-05 23:19:06 INFO  Mintermen:25 - S-a accesat instanta Singleton din MINTERMEN
2022-04-05 23:19:06 INFO  Maxtermen:26 - S-a accesat instanta Singleton din Maxtermen
2022-04-05 23:33:23 INFO  Mintermen:25 - S-a accesat instanta Singleton din MINTERMEN
2022-04-05 23:33:23 INFO  Maxtermen:26 - S-a accesat instanta Singleton din Maxtermen
2022-04-05 23:33:42 INFO  Mintermen:25 - S-a accesat instanta Singleton din MINTERMEN
2022-04-05 23:33:42 INFO  Maxtermen:26 - S-a accesat instanta Singleton din Maxtermen
2022-04-05 23:34:03 INFO  Mintermen:25 - S-a accesat instanta Singleton din MINTERMEN
2022-04-05 23:34:03 INFO  Maxtermen:26 - S-a accesat instanta Singleton din Maxtermen
2022-04-05 23:37:22 INFO  Mintermen:25 - S-a accesat instanta Singleton din MINTERMEN
2022-04-05 23:37:22 INFO  Maxtermen:26 - S-a accesat instanta Singleton din Maxtermen
2022-04-05 23:38:58 INFO  Mintermen:25 - S-a accesat instanta Singleton din MINTERMEN
2022-04-05 23:38:58 INFO  Maxtermen:26 - S-a accesat instanta Singleton din Maxtermen
2022-04-05 23:39:07 INFO  Mintermen:25 - S-a accesat instanta Singleton din MINTERMEN
2022-04-05 23:39:07 INFO  Maxtermen:26 - S-a accesat instanta Singleton din Maxtermen
2022-04-05 23:41:11 INFO  Mintermen:25 - S-a accesat instanta Singleton din MINTERMEN
2022-04-05 23:41:11 INFO  Maxtermen:26 - S-a accesat instanta Singleton din Maxtermen
2022-04-05 23:41:18 INFO  Mintermen:25 - S-a accesat instanta Singleton din MINTERMEN
2022-04-05 23:41:18 INFO  Maxtermen:26 - S-a accesat instanta Singleton din Maxtermen
2022-04-05 23:41:30 INFO  Mintermen:25 - S-a accesat instanta Singleton din MINTERMEN
2022-04-05 23:41:30 INFO  Maxtermen:26 - S-a accesat instanta Singleton din Maxtermen
2022-04-05 23:41:36 INFO  Mintermen:25 - S-a accesat instanta Singleton din MINTERMEN
2022-04-05 23:41:36 INFO  Maxtermen:26 - S-a accesat instanta Singleton din Maxtermen
2022-04-05 23:41:43 INFO  Mintermen:25 - S-a accesat instanta Singleton din MINTERMEN
2022-04-05 23:41:43 INFO  Maxtermen:26 - S-a accesat instanta Singleton din Maxtermen
2022-04-05 23:41:51 INFO  Mintermen:25 - S-a accesat instanta Singleton din MINTERMEN
2022-04-05 23:41:51 INFO  Maxtermen:26 - S-a accesat instanta Singleton din Maxtermen
2022-04-05 23:41:59 INFO  Mintermen:25 - S-a accesat instanta Singleton din MINTERMEN
2022-04-05 23:41:59 INFO  Maxtermen:26 - S-a accesat instanta Singleton din Maxtermen
2022-04-05 23:42:07 INFO  Mintermen:25 - S-a accesat instanta Singleton din MINTERMEN
2022-04-05 23:42:07 INFO  Maxtermen:26 - S-a accesat instanta Singleton din Maxtermen
2022-04-05 23:46:39 INFO  Mintermen:25 - S-a accesat instanta Singleton din MINTERMEN
2022-04-05 23:46:39 INFO  Maxtermen:26 - S-a accesat instanta Singleton din Maxtermen
2022-04-05 23:46:58 INFO  Mintermen:25 - S-a accesat instanta Singleton din MINTERMEN
2022-04-05 23:46:58 INFO  Maxtermen:26 - S-a accesat instanta Singleton din Maxtermen
2022-04-06 00:00:13 INFO  Mintermen:25 - S-a accesat instanta Singleton din MINTERMEN
2022-04-06 00:00:13 INFO  Maxtermen:26 - S-a accesat instanta Singleton din Maxtermen
2022-04-06 00:00:24 INFO  Mintermen:25 - S-a accesat instanta Singleton din MINTERMEN
2022-04-06 00:00:24 INFO  Maxtermen:26 - S-a accesat instanta Singleton din Maxtermen
2022-04-06 00:00:37 INFO  Mintermen:25 - S-a accesat instanta Singleton din MINTERMEN
2022-04-06 00:00:37 INFO  Maxtermen:26 - S-a accesat instanta Singleton din Maxtermen
2022-04-06 00:00:48 INFO  Mintermen:25 - S-a accesat instanta Singleton din MINTERMEN
2022-04-06 00:00:48 INFO  Maxtermen:26 - S-a accesat instanta Singleton din Maxtermen
2022-04-06 08:17:00 INFO  Mintermen:25 - S-a accesat instanta Singleton din MINTERMEN
2022-04-06 08:17:00 INFO  Maxtermen:26 - S-a accesat instanta Singleton din Maxtermen
2022-04-06 08:17:00 INFO  Mintermen:25 - S-a accesat instanta Singleton din MINTERMEN
2022-04-06 08:17:00 INFO  Maxtermen:26 - S-a accesat instanta Singleton din Maxtermen
2022-04-06 15:38:32 INFO  Mintermen:25 - S-a accesat instanta Singleton din MINTERMEN
2022-04-06 15:38:32 INFO  Maxtermen:26 - S-a accesat instanta Singleton din Maxtermen
2022-04-06 15:39:50 INFO  Mintermen:25 - S-a accesat instanta Singleton din MINTERMEN
2022-04-06 15:39:50 INFO  Maxtermen:26 - S-a accesat instanta Singleton din Maxtermen
2022-04-06 15:40:23 INFO  Mintermen:25 - S-a accesat instanta Singleton din MINTERMEN
2022-04-06 15:40:23 INFO  Maxtermen:26 - S-a accesat instanta Singleton din Maxtermen
2022-04-06 15:40:30 INFO  Mintermen:25 - S-a accesat instanta Singleton din MINTERMEN
2022-04-06 15:40:30 INFO  Maxtermen:26 - S-a accesat instanta Singleton din Maxtermen
2022-04-06 15:40:36 INFO  Mintermen:25 - S-a accesat instanta Singleton din MINTERMEN
2022-04-06 15:40:36 INFO  Maxtermen:26 - S-a accesat instanta Singleton din Maxtermen
2022-04-06 15:40:44 INFO  Mintermen:25 - S-a accesat instanta Singleton din MINTERMEN
2022-04-06 15:40:44 INFO  Maxtermen:26 - S-a accesat instanta Singleton din Maxtermen
2022-04-06 15:42:04 INFO  Mintermen:25 - S-a accesat instanta Singleton din MINTERMEN
2022-04-06 15:42:04 INFO  Maxtermen:26 - S-a accesat instanta Singleton din Maxtermen
2022-04-06 15:42:53 INFO  Mintermen:25 - S-a accesat instanta Singleton din MINTERMEN
2022-04-06 15:42:53 INFO  Maxtermen:26 - S-a accesat instanta Singleton din Maxtermen
2022-04-06 15:43:17 INFO  Mintermen:25 - S-a accesat instanta Singleton din MINTERMEN
2022-04-06 15:43:17 INFO  Maxtermen:26 - S-a accesat instanta Singleton din Maxtermen
2022-04-06 15:43:42 INFO  Mintermen:25 - S-a accesat instanta Singleton din MINTERMEN
2022-04-06 15:43:42 INFO  Maxtermen:26 - S-a accesat instanta Singleton din Maxtermen
2022-04-06 15:44:36 INFO  Mintermen:25 - S-a accesat instanta Singleton din MINTERMEN
2022-04-06 15:44:36 INFO  Maxtermen:26 - S-a accesat instanta Singleton din Maxtermen
2022-04-12 13:04:00 INFO  Mintermen:25 - S-a accesat instanta Singleton din MINTERMEN
2022-04-12 13:04:00 INFO  Maxtermen:26 - S-a accesat instanta Singleton din Maxtermen
2022-04-12 13:07:27 INFO  Mintermen:25 - S-a accesat instanta Singleton din MINTERMEN
2022-04-12 13:07:27 INFO  Maxtermen:26 - S-a accesat instanta Singleton din Maxtermen
2022-04-12 18:24:29 INFO  Mintermen:25 - S-a accesat instanta Singleton din MINTERMEN
2022-04-12 18:24:29 INFO  Maxtermen:26 - S-a accesat instanta Singleton din Maxtermen
2022-04-12 18:28:33 INFO  Mintermen:25 - S-a accesat instanta Singleton din MINTERMEN
2022-04-12 18:28:33 INFO  Maxtermen:26 - S-a accesat instanta Singleton din Maxtermen
2022-04-12 18:29:24 INFO  Mintermen:25 - S-a accesat instanta Singleton din MINTERMEN
2022-04-12 18:29:24 INFO  Maxtermen:26 - S-a accesat instanta Singleton din Maxtermen
2022-04-12 18:29:38 INFO  Mintermen:25 - S-a accesat instanta Singleton din MINTERMEN
2022-04-12 18:29:38 INFO  Maxtermen:26 - S-a accesat instanta Singleton din Maxtermen
2022-04-12 18:51:58 INFO  Mintermen:25 - S-a accesat instanta Singleton din MINTERMEN
2022-04-12 18:51:58 INFO  Maxtermen:26 - S-a accesat instanta Singleton din Maxtermen
2022-04-12 19:16:58 INFO  Mintermen:25 - S-a accesat instanta Singleton din MINTERMEN
2022-04-12 19:16:58 INFO  Maxtermen:26 - S-a accesat instanta Singleton din Maxtermen
2022-04-12 19:17:56 INFO  Mintermen:25 - S-a accesat instanta Singleton din MINTERMEN
2022-04-12 19:17:56 INFO  Maxtermen:26 - S-a accesat instanta Singleton din Maxtermen
2022-04-12 19:18:38 INFO  Mintermen:24 - S-a accesat instanta Singleton din MINTERMEN
2022-04-12 19:18:38 INFO  Maxtermen:26 - S-a accesat instanta Singleton din Maxtermen
2022-04-12 19:21:35 INFO  Mintermen:24 - S-a accesat instanta Singleton din MINTERMEN
2022-04-12 19:21:35 INFO  Maxtermen:26 - S-a accesat instanta Singleton din Maxtermen
2022-04-12 19:21:50 INFO  Mintermen:24 - S-a accesat instanta Singleton din MINTERMEN
2022-04-12 19:21:50 INFO  Maxtermen:26 - S-a accesat instanta Singleton din Maxtermen
2022-04-12 19:22:01 INFO  Mintermen:24 - S-a accesat instanta Singleton din MINTERMEN
2022-04-12 19:22:01 INFO  Maxtermen:26 - S-a accesat instanta Singleton din Maxtermen
2022-04-12 19:22:17 INFO  Mintermen:24 - S-a accesat instanta Singleton din MINTERMEN
2022-04-12 19:22:17 INFO  Maxtermen:26 - S-a accesat instanta Singleton din Maxtermen
2022-04-12 21:55:30 INFO  Mintermen:24 - S-a accesat instanta Singleton din MINTERMEN
2022-04-12 21:55:30 INFO  Maxtermen:26 - S-a accesat instanta Singleton din Maxtermen
2022-04-12 22:00:42 INFO  Mintermen:24 - S-a accesat instanta Singleton din MINTERMEN
2022-04-12 22:00:42 INFO  Maxtermen:26 - S-a accesat instanta Singleton din Maxtermen
2022-04-12 22:02:28 INFO  Mintermen:24 - S-a accesat instanta Singleton din MINTERMEN
2022-04-12 22:02:28 INFO  Maxtermen:26 - S-a accesat instanta Singleton din Maxtermen
2022-04-12 22:03:21 INFO  Mintermen:24 - S-a accesat instanta Singleton din MINTERMEN
2022-04-12 22:03:21 INFO  Maxtermen:26 - S-a accesat instanta Singleton din Maxtermen
2022-04-12 22:03:56 INFO  Mintermen:24 - S-a accesat instanta Singleton din MINTERMEN
2022-04-12 22:03:56 INFO  Maxtermen:26 - S-a accesat instanta Singleton din Maxtermen
2022-04-12 22:04:34 INFO  Mintermen:24 - S-a accesat instanta Singleton din MINTERMEN
2022-04-12 22:04:34 INFO  Maxtermen:26 - S-a accesat instanta Singleton din Maxtermen
2022-04-13 08:06:24 INFO  Mintermen:24 - S-a accesat instanta Singleton din MINTERMEN
2022-04-13 08:07:10 INFO  Mintermen:24 - S-a accesat instanta Singleton din MINTERMEN
2022-04-13 08:08:25 INFO  Mintermen:24 - S-a accesat instanta Singleton din MINTERMEN
2022-04-13 08:08:57 INFO  Mintermen:24 - S-a accesat instanta Singleton din MINTERMEN
2022-04-13 08:08:57 INFO  Maxtermen:26 - S-a accesat instanta Singleton din Maxtermen
2022-04-13 08:18:24 INFO  Mintermen:24 - S-a accesat instanta Singleton din MINTERMEN
2022-04-13 08:18:24 INFO  Maxtermen:26 - S-a accesat instanta Singleton din Maxtermen
2022-04-13 08:39:11 INFO  Mintermen:24 - S-a accesat instanta Singleton din MINTERMEN
2022-04-13 08:39:11 INFO  Maxtermen:26 - S-a accesat instanta Singleton din Maxtermen
2022-04-15 22:02:04 INFO  Mintermen:24 - S-a accesat instanta Singleton din MINTERMEN
2022-04-15 22:02:04 INFO  Maxtermen:26 - S-a accesat instanta Singleton din Maxtermen
2022-04-15 22:41:10 INFO  Mintermen:24 - S-a accesat instanta Singleton din MINTERMEN
2022-04-15 22:41:10 INFO  Maxtermen:26 - S-a accesat instanta Singleton din Maxtermen
2022-04-15 22:42:47 INFO  Mintermen:24 - S-a accesat instanta Singleton din MINTERMEN
2022-04-15 22:42:47 INFO  Maxtermen:26 - S-a accesat instanta Singleton din Maxtermen
2022-04-18 21:36:06 INFO  Mintermen:24 - S-a accesat instanta Singleton din MINTERMEN
2022-04-18 21:36:06 INFO  Maxtermen:26 - S-a accesat instanta Singleton din Maxtermen
2022-04-18 21:36:29 INFO  Mintermen:24 - S-a accesat instanta Singleton din MINTERMEN
2022-04-18 21:36:29 INFO  Maxtermen:26 - S-a accesat instanta Singleton din Maxtermen
2022-04-18 21:36:39 INFO  Mintermen:24 - S-a accesat instanta Singleton din MINTERMEN
2022-04-18 21:36:39 INFO  Maxtermen:26 - S-a accesat instanta Singleton din Maxtermen
2022-04-18 21:36:52 INFO  Mintermen:24 - S-a accesat instanta Singleton din MINTERMEN
2022-04-18 21:36:52 INFO  Maxtermen:26 - S-a accesat instanta Singleton din Maxtermen
2022-04-18 21:37:01 INFO  Mintermen:24 - S-a accesat instanta Singleton din MINTERMEN
2022-04-18 21:37:01 INFO  Maxtermen:26 - S-a accesat instanta Singleton din Maxtermen
2022-04-18 21:37:11 INFO  Mintermen:24 - S-a accesat instanta Singleton din MINTERMEN
2022-04-18 21:37:11 INFO  Maxtermen:26 - S-a accesat instanta Singleton din Maxtermen
2022-04-18 21:37:37 INFO  Mintermen:24 - S-a accesat instanta Singleton din MINTERMEN
2022-04-18 21:37:37 INFO  Maxtermen:26 - S-a accesat instanta Singleton din Maxtermen
2022-04-18 21:37:48 INFO  Mintermen:24 - S-a accesat instanta Singleton din MINTERMEN
2022-04-18 21:37:48 INFO  Maxtermen:26 - S-a accesat instanta Singleton din Maxtermen
2022-04-18 21:37:57 INFO  Mintermen:24 - S-a accesat instanta Singleton din MINTERMEN
2022-04-18 21:37:57 INFO  Maxtermen:26 - S-a accesat instanta Singleton din Maxtermen
2022-04-18 21:38:04 INFO  Mintermen:24 - S-a accesat instanta Singleton din MINTERMEN
2022-04-18 21:38:04 INFO  Maxtermen:26 - S-a accesat instanta Singleton din Maxtermen
2022-04-18 21:39:48 INFO  Mintermen:24 - S-a accesat instanta Singleton din MINTERMEN
2022-04-18 21:39:48 INFO  Maxtermen:26 - S-a accesat instanta Singleton din Maxtermen
2022-04-19 16:23:05 INFO  Mintermen:24 - S-a accesat instanta Singleton din MINTERMEN
2022-04-19 16:23:05 INFO  Maxtermen:26 - S-a accesat instanta Singleton din Maxtermen
2022-04-19 16:23:49 INFO  Mintermen:24 - S-a accesat instanta Singleton din MINTERMEN
2022-04-19 16:23:49 INFO  Maxtermen:26 - S-a accesat instanta Singleton din Maxtermen
2022-04-19 16:24:25 INFO  Mintermen:24 - S-a accesat instanta Singleton din MINTERMEN
2022-04-19 16:24:25 INFO  Maxtermen:26 - S-a accesat instanta Singleton din Maxtermen
2022-04-19 16:24:40 INFO  Mintermen:24 - S-a accesat instanta Singleton din MINTERMEN
2022-04-19 16:24:40 INFO  Maxtermen:26 - S-a accesat instanta Singleton din Maxtermen
2022-04-19 16:25:19 INFO  Mintermen:24 - S-a accesat instanta Singleton din MINTERMEN
2022-04-19 16:25:19 INFO  Maxtermen:26 - S-a accesat instanta Singleton din Maxtermen
2022-04-19 16:25:29 INFO  Mintermen:24 - S-a accesat instanta Singleton din MINTERMEN
2022-04-19 16:25:29 INFO  Maxtermen:26 - S-a accesat instanta Singleton din Maxtermen
2022-04-19 16:25:47 INFO  Mintermen:24 - S-a accesat instanta Singleton din MINTERMEN
2022-04-19 16:25:47 INFO  Maxtermen:26 - S-a accesat instanta Singleton din Maxtermen
2022-04-19 16:26:19 INFO  Mintermen:24 - S-a accesat instanta Singleton din MINTERMEN
2022-04-19 16:26:19 INFO  Maxtermen:26 - S-a accesat instanta Singleton din Maxtermen
2022-04-19 16:26:47 INFO  Mintermen:24 - S-a accesat instanta Singleton din MINTERMEN
2022-04-19 16:26:47 INFO  Maxtermen:26 - S-a accesat instanta Singleton din Maxtermen
2022-04-19 16:27:07 INFO  Mintermen:24 - S-a accesat instanta Singleton din MINTERMEN
2022-04-19 16:27:07 INFO  Maxtermen:26 - S-a accesat instanta Singleton din Maxtermen
2022-04-19 16:27:37 INFO  Mintermen:24 - S-a accesat instanta Singleton din MINTERMEN
2022-04-19 16:27:37 INFO  Maxtermen:26 - S-a accesat instanta Singleton din Maxtermen
2022-04-19 16:27:49 INFO  Mintermen:24 - S-a accesat instanta Singleton din MINTERMEN
2022-04-19 16:27:49 INFO  Maxtermen:26 - S-a accesat instanta Singleton din Maxtermen
2022-04-19 16:28:16 INFO  Mintermen:24 - S-a accesat instanta Singleton din MINTERMEN
2022-04-19 16:28:16 INFO  Maxtermen:26 - S-a accesat instanta Singleton din Maxtermen
2022-04-19 16:28:47 INFO  Mintermen:24 - S-a accesat instanta Singleton din MINTERMEN
2022-04-19 16:28:47 INFO  Maxtermen:26 - S-a accesat instanta Singleton din Maxtermen
2022-04-19 16:28:59 INFO  Mintermen:24 - S-a accesat instanta Singleton din MINTERMEN
2022-04-19 16:28:59 INFO  Maxtermen:26 - S-a accesat instanta Singleton din Maxtermen
2022-04-19 16:57:40 INFO  Mintermen:24 - S-a accesat instanta Singleton din MINTERMEN
2022-04-19 16:57:40 INFO  Maxtermen:26 - S-a accesat instanta Singleton din Maxtermen
2022-04-19 16:57:54 INFO  Mintermen:24 - S-a accesat instanta Singleton din MINTERMEN
2022-04-19 16:57:54 INFO  Maxtermen:26 - S-a accesat instanta Singleton din Maxtermen
2022-04-19 16:58:03 INFO  Mintermen:24 - S-a accesat instanta Singleton din MINTERMEN
2022-04-19 16:58:03 INFO  Maxtermen:26 - S-a accesat instanta Singleton din Maxtermen
2022-04-19 17:00:27 INFO  Mintermen:24 - S-a accesat instanta Singleton din MINTERMEN
2022-04-19 17:00:27 INFO  Maxtermen:26 - S-a accesat instanta Singleton din Maxtermen
2022-04-19 17:01:08 INFO  Mintermen:24 - S-a accesat instanta Singleton din MINTERMEN
2022-04-19 17:01:08 INFO  Maxtermen:26 - S-a accesat instanta Singleton din Maxtermen
2022-04-19 17:19:47 INFO  Mintermen:24 - S-a accesat instanta Singleton din MINTERMEN
2022-04-19 17:19:47 INFO  Maxtermen:26 - S-a accesat instanta Singleton din Maxtermen
2022-04-19 17:22:41 INFO  Mintermen:24 - S-a accesat instanta Singleton din MINTERMEN
2022-04-19 17:22:41 INFO  Maxtermen:26 - S-a accesat instanta Singleton din Maxtermen
2022-04-19 17:22:49 INFO  Mintermen:24 - S-a accesat instanta Singleton din MINTERMEN
2022-04-19 17:22:49 INFO  Maxtermen:26 - S-a accesat instanta Singleton din Maxtermen
2022-04-19 17:23:35 INFO  Mintermen:24 - S-a accesat instanta Singleton din MINTERMEN
2022-04-19 17:23:35 INFO  Maxtermen:26 - S-a accesat instanta Singleton din Maxtermen
2022-04-19 17:23:46 INFO  Mintermen:24 - S-a accesat instanta Singleton din MINTERMEN
2022-04-19 17:23:47 INFO  Maxtermen:26 - S-a accesat instanta Singleton din Maxtermen
2022-04-19 17:24:19 INFO  Mintermen:24 - S-a accesat instanta Singleton din MINTERMEN
2022-04-19 17:24:19 INFO  Maxtermen:26 - S-a accesat instanta Singleton din Maxtermen
2022-04-19 17:25:41 INFO  Mintermen:24 - S-a accesat instanta Singleton din MINTERMEN
2022-04-19 17:25:41 INFO  Maxtermen:26 - S-a accesat instanta Singleton din Maxtermen
2022-04-19 17:27:45 INFO  Mintermen:24 - S-a accesat instanta Singleton din MINTERMEN
2022-04-19 17:27:45 INFO  Maxtermen:26 - S-a accesat instanta Singleton din Maxtermen
2022-04-19 17:27:58 INFO  Mintermen:24 - S-a accesat instanta Singleton din MINTERMEN
2022-04-19 17:27:58 INFO  Maxtermen:26 - S-a accesat instanta Singleton din Maxtermen
2022-04-19 17:28:33 INFO  Mintermen:24 - S-a accesat instanta Singleton din MINTERMEN
2022-04-19 17:28:33 INFO  Maxtermen:26 - S-a accesat instanta Singleton din Maxtermen
2022-04-19 17:29:11 INFO  Mintermen:24 - S-a accesat instanta Singleton din MINTERMEN
2022-04-19 17:29:11 INFO  Maxtermen:26 - S-a accesat instanta Singleton din Maxtermen
2022-04-19 17:30:19 INFO  Mintermen:24 - S-a accesat instanta Singleton din MINTERMEN
2022-04-19 17:30:19 INFO  Maxtermen:26 - S-a accesat instanta Singleton din Maxtermen
2022-04-19 17:30:43 INFO  Mintermen:24 - S-a accesat instanta Singleton din MINTERMEN
2022-04-19 17:30:43 INFO  Maxtermen:26 - S-a accesat instanta Singleton din Maxtermen
2022-04-19 17:31:20 INFO  Mintermen:24 - S-a accesat instanta Singleton din MINTERMEN
2022-04-19 17:31:20 INFO  Maxtermen:26 - S-a accesat instanta Singleton din Maxtermen
2022-04-19 17:32:43 INFO  Mintermen:24 - S-a accesat instanta Singleton din MINTERMEN
2022-04-19 17:32:43 INFO  Maxtermen:26 - S-a accesat instanta Singleton din Maxtermen
2022-04-19 17:33:27 INFO  Mintermen:24 - S-a accesat instanta Singleton din MINTERMEN
2022-04-19 17:33:27 INFO  Maxtermen:26 - S-a accesat instanta Singleton din Maxtermen
2022-04-19 17:51:07 INFO  Mintermen:24 - S-a accesat instanta Singleton din MINTERMEN
2022-04-19 17:51:07 INFO  Maxtermen:26 - S-a accesat instanta Singleton din Maxtermen
2022-04-19 17:53:44 INFO  Mintermen:24 - S-a accesat instanta Singleton din MINTERMEN
2022-04-19 17:53:44 INFO  Maxtermen:26 - S-a accesat instanta Singleton din Maxtermen
2022-04-19 17:54:43 INFO  Mintermen:24 - S-a accesat instanta Singleton din MINTERMEN
2022-04-19 17:54:43 INFO  Maxtermen:26 - S-a accesat instanta Singleton din Maxtermen
2022-04-19 17:55:13 INFO  Mintermen:24 - S-a accesat instanta Singleton din MINTERMEN
2022-04-19 17:55:13 INFO  Maxtermen:26 - S-a accesat instanta Singleton din Maxtermen
2022-04-19 17:56:21 INFO  Mintermen:24 - S-a accesat instanta Singleton din MINTERMEN
2022-04-19 17:56:21 INFO  Maxtermen:26 - S-a accesat instanta Singleton din Maxtermen
2022-04-19 17:58:03 INFO  Mintermen:24 - S-a accesat instanta Singleton din MINTERMEN
2022-04-19 17:58:03 INFO  Maxtermen:26 - S-a accesat instanta Singleton din Maxtermen
2022-04-19 17:58:11 INFO  Mintermen:24 - S-a accesat instanta Singleton din MINTERMEN
2022-04-19 17:58:11 INFO  Maxtermen:26 - S-a accesat instanta Singleton din Maxtermen
2022-04-19 17:58:53 INFO  Mintermen:24 - S-a accesat instanta Singleton din MINTERMEN
2022-04-19 17:58:53 INFO  Maxtermen:26 - S-a accesat instanta Singleton din Maxtermen
2022-04-19 17:59:16 INFO  Mintermen:24 - S-a accesat instanta Singleton din MINTERMEN
2022-04-19 17:59:16 INFO  Maxtermen:26 - S-a accesat instanta Singleton din Maxtermen
2022-04-19 17:59:48 INFO  Mintermen:24 - S-a accesat instanta Singleton din MINTERMEN
2022-04-19 17:59:48 INFO  Maxtermen:26 - S-a accesat instanta Singleton din Maxtermen
2022-04-19 18:01:29 INFO  Mintermen:24 - S-a accesat instanta Singleton din MINTERMEN
2022-04-19 18:01:29 INFO  Maxtermen:26 - S-a accesat instanta Singleton din Maxtermen
2022-04-19 18:01:38 INFO  Mintermen:24 - S-a accesat instanta Singleton din MINTERMEN
2022-04-19 18:01:38 INFO  Maxtermen:26 - S-a accesat instanta Singleton din Maxtermen
2022-04-20 23:39:39 INFO  Mintermen:24 - S-a accesat instanta Singleton din MINTERMEN
2022-04-20 23:39:39 INFO  Maxtermen:26 - S-a accesat instanta Singleton din Maxtermen
2022-04-20 23:39:54 INFO  Mintermen:24 - S-a accesat instanta Singleton din MINTERMEN
2022-04-20 23:39:54 INFO  Maxtermen:26 - S-a accesat instanta Singleton din Maxtermen
2022-04-20 23:40:57 INFO  Mintermen:24 - S-a accesat instanta Singleton din MINTERMEN
2022-04-20 23:40:57 INFO  Maxtermen:26 - S-a accesat instanta Singleton din Maxtermen
2022-04-20 23:41:08 INFO  Mintermen:24 - S-a accesat instanta Singleton din MINTERMEN
2022-04-20 23:41:08 INFO  Maxtermen:26 - S-a accesat instanta Singleton din Maxtermen
2022-04-21 10:12:53 INFO  Mintermen:24 - S-a accesat instanta Singleton din MINTERMEN
2022-04-21 10:12:53 INFO  Maxtermen:26 - S-a accesat instanta Singleton din Maxtermen
2022-04-21 10:18:45 INFO  Mintermen:24 - S-a accesat instanta Singleton din MINTERMEN
2022-04-21 10:18:45 INFO  Maxtermen:26 - S-a accesat instanta Singleton din Maxtermen
2022-04-21 10:18:51 INFO  Mintermen:24 - S-a accesat instanta Singleton din MINTERMEN
2022-04-21 10:18:51 INFO  Maxtermen:26 - S-a accesat instanta Singleton din Maxtermen
2022-04-21 10:22:02 INFO  Mintermen:24 - S-a accesat instanta Singleton din MINTERMEN
2022-04-21 10:22:02 INFO  Maxtermen:26 - S-a accesat instanta Singleton din Maxtermen
2022-04-21 10:24:33 INFO  Mintermen:24 - S-a accesat instanta Singleton din MINTERMEN
2022-04-21 10:24:33 INFO  Maxtermen:26 - S-a accesat instanta Singleton din Maxtermen
2022-05-14 18:31:46 INFO  Mintermen:24 - S-a accesat instanta Singleton din MINTERMEN
2022-05-14 18:31:46 INFO  Maxtermen:26 - S-a accesat instanta Singleton din Maxtermen
2022-05-14 18:31:56 INFO  Mintermen:24 - S-a accesat instanta Singleton din MINTERMEN
2022-05-14 18:31:56 INFO  Maxtermen:26 - S-a accesat instanta Singleton din Maxtermen
2022-05-14 18:32:50 INFO  Mintermen:24 - S-a accesat instanta Singleton din MINTERMEN
2022-05-14 18:32:50 INFO  Maxtermen:26 - S-a accesat instanta Singleton din Maxtermen
2022-05-14 18:57:50 INFO  Mintermen:87 - S-a accesat instanta Singleton din MINTERMEN
2022-05-14 18:57:50 INFO  Maxtermen:26 - S-a accesat instanta Singleton din Maxtermen
2022-05-14 19:03:54 INFO  Mintermen:87 - S-a accesat instanta Singleton din MINTERMEN
2022-05-14 19:03:54 INFO  Maxtermen:26 - S-a accesat instanta Singleton din Maxtermen
2022-05-14 20:09:49 INFO  Mintermen:87 - S-a accesat instanta Singleton din MINTERMEN
2022-05-14 20:09:49 INFO  Maxtermen:26 - S-a accesat instanta Singleton din Maxtermen
2022-05-14 20:12:29 INFO  Mintermen:87 - S-a accesat instanta Singleton din MINTERMEN
2022-05-14 20:12:29 INFO  Maxtermen:26 - S-a accesat instanta Singleton din Maxtermen
2022-05-14 20:18:30 INFO  Mintermen:78 - S-a accesat instanta Singleton din MINTERMEN
2022-05-14 20:18:30 INFO  Maxtermen:26 - S-a accesat instanta Singleton din Maxtermen
2022-05-14 20:25:27 INFO  Mintermen:78 - S-a accesat instanta Singleton din MINTERMEN
2022-05-14 20:25:27 INFO  Maxtermen:26 - S-a accesat instanta Singleton din Maxtermen
2022-05-14 20:27:13 INFO  Mintermen:78 - S-a accesat instanta Singleton din MINTERMEN
2022-05-14 20:27:13 INFO  Maxtermen:26 - S-a accesat instanta Singleton din Maxtermen
2022-05-14 20:32:51 INFO  Mintermen:78 - S-a accesat instanta Singleton din MINTERMEN
2022-05-14 20:32:51 INFO  Maxtermen:26 - S-a accesat instanta Singleton din Maxtermen
2022-05-14 20:44:32 INFO  Mintermen:78 - S-a accesat instanta Singleton din MINTERMEN
2022-05-14 20:44:32 INFO  Maxtermen:26 - S-a accesat instanta Singleton din Maxtermen
2022-05-21 11:50:06 INFO  Mintermen:78 - S-a accesat instanta Singleton din MINTERMEN
2022-05-21 11:50:06 INFO  Maxtermen:26 - S-a accesat instanta Singleton din Maxtermen
2022-05-21 14:36:34 INFO  Mintermen:78 - S-a accesat instanta Singleton din MINTERMEN
2022-05-21 14:36:34 INFO  Maxtermen:26 - S-a accesat instanta Singleton din Maxtermen
2022-05-21 14:50:52 INFO  Mintermen:78 - S-a accesat instanta Singleton din MINTERMEN
2022-05-21 14:50:52 INFO  Maxtermen:26 - S-a accesat instanta Singleton din Maxtermen
2022-05-21 15:14:55 INFO  Mintermen:78 - S-a accesat instanta Singleton din MINTERMEN
2022-05-21 15:14:55 INFO  Maxtermen:26 - S-a accesat instanta Singleton din Maxtermen
2022-05-21 15:15:41 INFO  Mintermen:78 - S-a accesat instanta Singleton din MINTERMEN
2022-05-21 15:15:41 INFO  Maxtermen:26 - S-a accesat instanta Singleton din Maxtermen
2022-05-21 15:18:09 INFO  Mintermen:78 - S-a accesat instanta Singleton din MINTERMEN
2022-05-21 15:18:09 INFO  Maxtermen:26 - S-a accesat instanta Singleton din Maxtermen
2022-05-21 15:18:23 INFO  Mintermen:78 - S-a accesat instanta Singleton din MINTERMEN
2022-05-21 15:18:23 INFO  Maxtermen:26 - S-a accesat instanta Singleton din Maxtermen
2022-05-21 15:19:04 INFO  Mintermen:78 - S-a accesat instanta Singleton din MINTERMEN
2022-05-21 15:19:04 INFO  Maxtermen:26 - S-a accesat instanta Singleton din Maxtermen
2022-05-21 15:20:15 INFO  Mintermen:78 - S-a accesat instanta Singleton din MINTERMEN
2022-05-21 15:20:15 INFO  Maxtermen:26 - S-a accesat instanta Singleton din Maxtermen
2022-05-21 15:20:53 INFO  Mintermen:78 - S-a accesat instanta Singleton din MINTERMEN
2022-05-21 15:20:53 INFO  Maxtermen:26 - S-a accesat instanta Singleton din Maxtermen
2022-05-21 15:21:00 INFO  Mintermen:78 - S-a accesat instanta Singleton din MINTERMEN
2022-05-21 15:21:00 INFO  Maxtermen:26 - S-a accesat instanta Singleton din Maxtermen
2022-05-21 15:22:26 INFO  Mintermen:78 - S-a accesat instanta Singleton din MINTERMEN
2022-05-21 15:22:26 INFO  Maxtermen:26 - S-a accesat instanta Singleton din Maxtermen
2022-05-21 15:22:49 INFO  Mintermen:78 - S-a accesat instanta Singleton din MINTERMEN
2022-05-21 15:22:49 INFO  Maxtermen:26 - S-a accesat instanta Singleton din Maxtermen
2022-05-21 15:23:17 INFO  Mintermen:78 - S-a accesat instanta Singleton din MINTERMEN
2022-05-21 15:23:17 INFO  Maxtermen:26 - S-a accesat instanta Singleton din Maxtermen
2022-05-21 15:23:23 INFO  Mintermen:78 - S-a accesat instanta Singleton din MINTERMEN
2022-05-21 15:23:23 INFO  Maxtermen:26 - S-a accesat instanta Singleton din Maxtermen
2022-05-21 15:24:00 INFO  Mintermen:78 - S-a accesat instanta Singleton din MINTERMEN
2022-05-21 15:24:00 INFO  Maxtermen:26 - S-a accesat instanta Singleton din Maxtermen
2022-05-22 14:37:04 INFO  Mintermen:78 - S-a accesat instanta Singleton din MINTERMEN
2022-05-22 14:37:04 INFO  Maxtermen:26 - S-a accesat instanta Singleton din Maxtermen
2022-05-22 14:42:28 INFO  Mintermen:78 - S-a accesat instanta Singleton din MINTERMEN
2022-05-22 14:42:28 INFO  Maxtermen:26 - S-a accesat instanta Singleton din Maxtermen
2022-05-25 01:24:01 INFO  MintermenMaxtermen:41 - S-a accesat instanta Singleton din MINTERMEN
2022-05-25 16:17:05 INFO  MintermenMaxtermen:41 - S-a accesat instanta Singleton din MINTERMEN
2022-05-25 16:23:09 INFO  MintermenMaxtermen:41 - S-a accesat instanta Singleton din MINTERMEN
2022-05-25 16:27:28 INFO  MintermenMaxtermen:41 - S-a accesat instanta Singleton din MINTERMEN
2022-05-25 16:31:12 INFO  MintermenMaxtermen:41 - S-a accesat instanta Singleton din MINTERMEN
2022-05-25 16:34:16 INFO  MintermenMaxtermen:41 - S-a accesat instanta Singleton din MINTERMEN
2022-05-25 16:39:50 INFO  MintermenMaxtermen:41 - S-a accesat instanta Singleton din MINTERMEN
2022-05-25 16:50:25 INFO  MintermenMaxtermen:41 - S-a accesat instanta Singleton din MINTERMEN
2022-05-25 16:50:33 INFO  MintermenMaxtermen:41 - S-a accesat instanta Singleton din MINTERMEN
2022-05-25 16:53:26 INFO  MintermenMaxtermen:41 - S-a accesat instanta Singleton din MINTERMEN
2022-05-25 16:58:59 INFO  MintermenMaxtermen:41 - S-a accesat instanta Singleton din MINTERMEN
2022-05-25 17:23:58 INFO  MintermenMaxtermen:41 - S-a accesat instanta Singleton din MINTERMEN
2022-05-25 17:29:39 INFO  MintermenMaxtermen:41 - S-a accesat instanta Singleton din MINTERMEN
2022-05-25 18:03:33 INFO  MintermenMaxtermen:41 - S-a accesat instanta Singleton din MINTERMEN
2022-05-25 18:06:36 INFO  MintermenMaxtermen:41 - S-a accesat instanta Singleton din MINTERMEN
2022-05-25 18:06:44 INFO  MintermenMaxtermen:41 - S-a accesat instanta Singleton din MINTERMEN
2022-05-25 18:07:23 INFO  MintermenMaxtermen:41 - S-a accesat instanta Singleton din MINTERMEN
2022-05-25 18:08:34 INFO  MintermenMaxtermen:41 - S-a accesat instanta Singleton din MINTERMEN
2022-05-25 18:14:21 INFO  MintermenMaxtermen:41 - S-a accesat instanta Singleton din MINTERMEN
2022-05-25 18:18:45 INFO  MintermenMaxtermen:41 - S-a accesat instanta Singleton din MINTERMEN
2022-05-25 18:23:58 INFO  MintermenMaxtermen:41 - S-a accesat instanta Singleton din MINTERMEN
2022-05-25 18:24:31 INFO  MintermenMaxtermen:41 - S-a accesat instanta Singleton din MINTERMEN
2022-05-25 18:24:53 INFO  MintermenMaxtermen:41 - S-a accesat instanta Singleton din MINTERMEN
2022-05-25 18:26:04 INFO  MintermenMaxtermen:41 - S-a accesat instanta Singleton din MINTERMEN
2022-05-25 18:26:35 INFO  MintermenMaxtermen:41 - S-a accesat instanta Singleton din MINTERMEN
2022-05-25 18:26:56 INFO  MintermenMaxtermen:41 - S-a accesat instanta Singleton din MINTERMEN
2022-05-25 18:27:41 INFO  MintermenMaxtermen:41 - S-a accesat instanta Singleton din MINTERMEN
2022-05-25 18:28:39 INFO  MintermenMaxtermen:41 - S-a accesat instanta Singleton din MINTERMEN
2022-05-25 18:28:47 INFO  MintermenMaxtermen:41 - S-a accesat instanta Singleton din MINTERMEN
2022-05-25 18:30:26 INFO  MintermenMaxtermen:41 - S-a accesat instanta Singleton din MINTERMEN
2022-05-25 18:32:34 INFO  MintermenMaxtermen:41 - S-a accesat instanta Singleton din MINTERMEN
2022-05-25 18:32:48 INFO  MintermenMaxtermen:41 - S-a accesat instanta Singleton din MINTERMEN
2022-05-25 18:33:07 INFO  MintermenMaxtermen:41 - S-a accesat instanta Singleton din MINTERMEN
2022-05-25 18:33:15 INFO  MintermenMaxtermen:41 - S-a accesat instanta Singleton din MINTERMEN
2022-05-25 18:43:35 INFO  MintermenMaxtermen:41 - S-a accesat instanta Singleton din MINTERMEN
2022-05-25 19:06:25 INFO  MintermenMaxtermen:41 - S-a accesat instanta Singleton din MINTERMEN
2022-05-25 19:10:44 INFO  MintermenMaxtermen:41 - S-a accesat instanta Singleton din MINTERMEN si MAXTERMEN
2022-05-25 19:11:54 INFO  MintermenMaxtermen:41 - S-a accesat instanta Singleton din MINTERMEN si MAXTERMEN
2022-05-25 19:12:21 INFO  MintermenMaxtermen:41 - S-a accesat instanta Singleton din MINTERMEN si MAXTERMEN
2022-05-25 19:14:05 INFO  MintermenMaxtermen:41 - S-a accesat instanta Singleton din MINTERMEN si MAXTERMEN
2022-05-25 19:14:22 INFO  MintermenMaxtermen:41 - S-a accesat instanta Singleton din MINTERMEN si MAXTERMEN
2022-05-25 19:14:36 INFO  MintermenMaxtermen:41 - S-a accesat instanta Singleton din MINTERMEN si MAXTERMEN
2022-05-25 19:16:24 INFO  MintermenMaxtermen:41 - S-a accesat instanta Singleton din MINTERMEN si MAXTERMEN
2022-05-25 19:19:31 INFO  MintermenMaxtermen:41 - S-a accesat instanta Singleton din MINTERMEN si MAXTERMEN
2022-05-25 19:23:07 INFO  MintermenMaxtermen:41 - S-a accesat instanta Singleton din MINTERMEN si MAXTERMEN
2022-05-25 19:25:59 INFO  MintermenMaxtermen:41 - S-a accesat instanta Singleton din MINTERMEN si MAXTERMEN
2022-05-25 19:29:26 INFO  MintermenMaxtermen:41 - S-a accesat instanta Singleton din MINTERMEN si MAXTERMEN
2022-05-25 19:29:50 INFO  MintermenMaxtermen:41 - S-a accesat instanta Singleton din MINTERMEN si MAXTERMEN
2022-05-25 19:30:41 INFO  MintermenMaxtermen:41 - S-a accesat instanta Singleton din MINTERMEN si MAXTERMEN
2022-05-25 19:31:40 INFO  MintermenMaxtermen:41 - S-a accesat instanta Singleton din MINTERMEN si MAXTERMEN
2022-05-25 19:35:41 INFO  MintermenMaxtermen:41 - S-a accesat instanta Singleton din MINTERMEN si MAXTERMEN
2022-05-25 19:36:30 INFO  MintermenMaxtermen:41 - S-a accesat instanta Singleton din MINTERMEN si MAXTERMEN
2022-05-25 19:39:13 INFO  MintermenMaxtermen:41 - S-a accesat instanta Singleton din MINTERMEN si MAXTERMEN
2022-05-25 19:39:48 INFO  MintermenMaxtermen:41 - S-a accesat instanta Singleton din MINTERMEN si MAXTERMEN
2022-05-25 19:40:03 INFO  MintermenMaxtermen:41 - S-a accesat instanta Singleton din MINTERMEN si MAXTERMEN
2022-05-25 19:41:08 INFO  MintermenMaxtermen:41 - S-a accesat instanta Singleton din MINTERMEN si MAXTERMEN
2022-05-25 19:42:58 INFO  MintermenMaxtermen:41 - S-a accesat instanta Singleton din MINTERMEN si MAXTERMEN
2022-05-25 19:43:21 INFO  MintermenMaxtermen:41 - S-a accesat instanta Singleton din MINTERMEN si MAXTERMEN
2022-05-25 19:44:44 INFO  MintermenMaxtermen:41 - S-a accesat instanta Singleton din MINTERMEN si MAXTERMEN
2022-05-25 19:49:16 INFO  MintermenMaxtermen:41 - S-a accesat instanta Singleton din MINTERMEN si MAXTERMEN
2022-05-25 19:49:53 INFO  MintermenMaxtermen:41 - S-a accesat instanta Singleton din MINTERMEN si MAXTERMEN
2022-05-25 19:58:10 INFO  MintermenMaxtermen:41 - S-a accesat instanta Singleton din MINTERMEN si MAXTERMEN
2022-05-25 20:01:21 INFO  MintermenMaxtermen:41 - S-a accesat instanta Singleton din MINTERMEN si MAXTERMEN
2022-05-25 20:02:10 INFO  MintermenMaxtermen:41 - S-a accesat instanta Singleton din MINTERMEN si MAXTERMEN
2022-05-25 20:06:49 INFO  MintermenMaxtermen:41 - S-a accesat instanta Singleton din MINTERMEN si MAXTERMEN
2022-05-25 20:11:23 INFO  MintermenMaxtermen:41 - S-a accesat instanta Singleton din MINTERMEN si MAXTERMEN
2022-05-25 20:11:57 INFO  MintermenMaxtermen:41 - S-a accesat instanta Singleton din MINTERMEN si MAXTERMEN
2022-05-25 20:15:33 INFO  MintermenMaxtermen:41 - S-a accesat instanta Singleton din MINTERMEN si MAXTERMEN
2022-05-25 20:17:36 INFO  MintermenMaxtermen:41 - S-a accesat instanta Singleton din MINTERMEN si MAXTERMEN
2022-05-25 20:18:11 INFO  MintermenMaxtermen:41 - S-a accesat instanta Singleton din MINTERMEN si MAXTERMEN
2022-05-25 20:19:50 INFO  MintermenMaxtermen:41 - S-a accesat instanta Singleton din MINTERMEN si MAXTERMEN
2022-05-25 20:20:47 INFO  MintermenMaxtermen:41 - S-a accesat instanta Singleton din MINTERMEN si MAXTERMEN
2022-05-25 20:21:21 INFO  MintermenMaxtermen:41 - S-a accesat instanta Singleton din MINTERMEN si MAXTERMEN
2022-05-25 20:22:39 INFO  MintermenMaxtermen:41 - S-a accesat instanta Singleton din MINTERMEN si MAXTERMEN
2022-05-25 20:23:45 INFO  MintermenMaxtermen:41 - S-a accesat instanta Singleton din MINTERMEN si MAXTERMEN
2022-05-25 20:25:05 INFO  MintermenMaxtermen:41 - S-a accesat instanta Singleton din MINTERMEN si MAXTERMEN
2022-05-25 20:27:53 INFO  MintermenMaxtermen:41 - S-a accesat instanta Singleton din MINTERMEN si MAXTERMEN
2022-05-25 20:28:56 INFO  MintermenMaxtermen:41 - S-a accesat instanta Singleton din MINTERMEN si MAXTERMEN
